Running grid search 1/36: (8, 1, 1)Parameters: (8, 1, 1), Loss: 0.9719, HR: 0.0262, NDCG: 0.0262
Running grid search 2/36: (8, 1, 5)Parameters: (8, 1, 5), Loss: 1.0478, HR: 0.0914, NDCG: 0.0532
Running grid search 3/36: (8, 1, 10)Parameters: (8, 1, 10), Loss: 1.0086, HR: 0.1681, NDCG: 0.0761
Running grid search 4/36: (8, 5, 1)Parameters: (8, 5, 1), Loss: 0.3954, HR: 0.0605, NDCG: 0.0605
Running grid search 5/36: (8, 5, 5)Parameters: (8, 5, 5), Loss: 0.4290, HR: 0.1492, NDCG: 0.0958
Running grid search 6/36: (8, 5, 10)Parameters: (8, 5, 10), Loss: 0.4080, HR: 0.2842, NDCG: 0.1463
Running grid search 7/36: (8, 10, 1)Parameters: (8, 10, 1), Loss: 0.2662, HR: 0.0625, NDCG: 0.0625
Running grid search 8/36: (8, 10, 5)Parameters: (8, 10, 5), Loss: 0.2702, HR: 0.2075, NDCG: 0.1383
Running grid search 9/36: (8, 10, 10)Parameters: (8, 10, 10), Loss: 0.2696, HR: 0.3124, NDCG: 0.1607
Running grid search 10/36: (16, 1, 1)Parameters: (16, 1, 1), Loss: 0.9525, HR: 0.0193, NDCG: 0.0193
Running grid search 11/36: (16, 1, 5)Parameters: (16, 1, 5), Loss: 1.3502, HR: 0.0860, NDCG: 0.0555
Running grid search 12/36: (16, 1, 10)Parameters: (16, 1, 10), Loss: 0.9802, HR: 0.1234, NDCG: 0.0642
Running grid search 13/36: (16, 5, 1)Parameters: (16, 5, 1), Loss: 0.3934, HR: 0.0559, NDCG: 0.0559
Running grid search 14/36: (16, 5, 5)Parameters: (16, 5, 5), Loss: 0.3941, HR: 0.1940, NDCG: 0.1228
Running grid search 15/36: (16, 5, 10)Parameters: (16, 5, 10), Loss: 0.4342, HR: 0.2565, NDCG: 0.1299
Running grid search 16/36: (16, 10, 1)Parameters: (16, 10, 1), Loss: 0.2750, HR: 0.0690, NDCG: 0.0690
Running grid search 17/36: (16, 10, 5)Parameters: (16, 10, 5), Loss: 0.2669, HR: 0.1778, NDCG: 0.1185
Running grid search 18/36: (16, 10, 10)Parameters: (16, 10, 10), Loss: 0.2721, HR: 0.3205, NDCG: 0.1610
Running grid search 19/36: (32, 1, 1)Parameters: (32, 1, 1), Loss: 1.1125, HR: 0.0285, NDCG: 0.0285
Running grid search 20/36: (32, 1, 5)Parameters: (32, 1, 5), Loss: 1.1169, HR: 0.0794, NDCG: 0.0481
Running grid search 21/36: (32, 1, 10)Parameters: (32, 1, 10), Loss: 1.1534, HR: 0.1315, NDCG: 0.0694
Running grid search 22/36: (32, 5, 1)Parameters: (32, 5, 1), Loss: 0.4121, HR: 0.0336, NDCG: 0.0336
Running grid search 23/36: (32, 5, 5)Parameters: (32, 5, 5), Loss: 0.4006, HR: 0.1975, NDCG: 0.1227
Running grid search 24/36: (32, 5, 10)Parameters: (32, 5, 10), Loss: 0.4132, HR: 0.2707, NDCG: 0.1367
Running grid search 25/36: (32, 10, 1)Parameters: (32, 10, 1), Loss: 0.2966, HR: 0.0656, NDCG: 0.0656
Running grid search 26/36: (32, 10, 5)Parameters: (32, 10, 5), Loss: 0.2692, HR: 0.1967, NDCG: 0.1259
Running grid search 27/36: (32, 10, 10)Parameters: (32, 10, 10), Loss: 0.2646, HR: 0.3328, NDCG: 0.1804
Running grid search 28/36: (64, 1, 1)Parameters: (64, 1, 1), Loss: 1.1226, HR: 0.0312, NDCG: 0.0312
Running grid search 29/36: (64, 1, 5)Parameters: (64, 1, 5), Loss: 1.0862, HR: 0.0783, NDCG: 0.0492
Running grid search 30/36: (64, 1, 10)Parameters: (64, 1, 10), Loss: 1.1165, HR: 0.1535, NDCG: 0.0745
Running grid search 31/36: (64, 5, 1)Parameters: (64, 5, 1), Loss: 0.4353, HR: 0.0343, NDCG: 0.0343
Running grid search 32/36: (64, 5, 5)Parameters: (64, 5, 5), Loss: 0.4013, HR: 0.1600, NDCG: 0.0983
Running grid search 33/36: (64, 5, 10)Parameters: (64, 5, 10), Loss: 0.4144, HR: 0.2784, NDCG: 0.1407
Running grid search 34/36: (64, 10, 1)Parameters: (64, 10, 1), Loss: 0.2792, HR: 0.0463, NDCG: 0.0463
Running grid search 35/36: (64, 10, 5)Parameters: (64, 10, 5), Loss: 0.2644, HR: 0.2094, NDCG: 0.1352
Running grid search 36/36: (64, 10, 10)Parameters: (64, 10, 10), Loss: 0.2688, HR: 0.3251, NDCG: 0.1626
