Running grid search 1/36: (8, 1, 1)Parameters: (8, 1, 1), Loss: 1.1044, HR: 0.0158, NDCG: 0.0158
Running grid search 2/36: (8, 1, 5)Parameters: (8, 1, 5), Loss: 1.1833, HR: 0.0586, NDCG: 0.0344
Running grid search 3/36: (8, 1, 10)Parameters: (8, 1, 10), Loss: 1.0680, HR: 0.1408, NDCG: 0.0629
Running grid search 4/36: (8, 5, 1)Parameters: (8, 5, 1), Loss: 0.4045, HR: 0.0451, NDCG: 0.0451
Running grid search 5/36: (8, 5, 5)Parameters: (8, 5, 5), Loss: 0.4124, HR: 0.1685, NDCG: 0.1062
Running grid search 6/36: (8, 5, 10)Parameters: (8, 5, 10), Loss: 0.4245, HR: 0.2472, NDCG: 0.1255
Running grid search 7/36: (8, 10, 1)Parameters: (8, 10, 1), Loss: 0.2789, HR: 0.0513, NDCG: 0.0513
Running grid search 8/36: (8, 10, 5)Parameters: (8, 10, 5), Loss: 0.2721, HR: 0.2129, NDCG: 0.1403
Running grid search 9/36: (8, 10, 10)Parameters: (8, 10, 10), Loss: 0.2857, HR: 0.3000, NDCG: 0.1508
Running grid search 10/36: (16, 1, 1)Parameters: (16, 1, 1), Loss: 1.2905, HR: 0.0174, NDCG: 0.0174
Running grid search 11/36: (16, 1, 5)Parameters: (16, 1, 5), Loss: 1.3380, HR: 0.0621, NDCG: 0.0354
Running grid search 12/36: (16, 1, 10)Parameters: (16, 1, 10), Loss: 1.4099, HR: 0.1473, NDCG: 0.0665
Running grid search 13/36: (16, 5, 1)Parameters: (16, 5, 1), Loss: 0.4378, HR: 0.0324, NDCG: 0.0324
Running grid search 14/36: (16, 5, 5)Parameters: (16, 5, 5), Loss: 0.4237, HR: 0.1384, NDCG: 0.0899
Running grid search 15/36: (16, 5, 10)Parameters: (16, 5, 10), Loss: 0.4113, HR: 0.2680, NDCG: 0.1338
Running grid search 16/36: (16, 10, 1)Parameters: (16, 10, 1), Loss: 0.2701, HR: 0.0521, NDCG: 0.0521
Running grid search 17/36: (16, 10, 5)Parameters: (16, 10, 5), Loss: 0.2710, HR: 0.2036, NDCG: 0.1318
Running grid search 18/36: (16, 10, 10)Parameters: (16, 10, 10), Loss: 0.2685, HR: 0.3374, NDCG: 0.1779
Running grid search 19/36: (32, 1, 1)Parameters: (32, 1, 1), Loss: 1.4219, HR: 0.0166, NDCG: 0.0166
Running grid search 20/36: (32, 1, 5)Parameters: (32, 1, 5), Loss: 1.3322, HR: 0.0571, NDCG: 0.0321
Running grid search 21/36: (32, 1, 10)Parameters: (32, 1, 10), Loss: 1.2676, HR: 0.1554, NDCG: 0.0752
Running grid search 22/36: (32, 5, 1)Parameters: (32, 5, 1), Loss: 0.3960, HR: 0.0501, NDCG: 0.0501
Running grid search 23/36: (32, 5, 5)Parameters: (32, 5, 5), Loss: 0.4736, HR: 0.1057, NDCG: 0.0659
Running grid search 24/36: (32, 5, 10)Parameters: (32, 5, 10), Loss: 0.4213, HR: 0.2738, NDCG: 0.1398
Running grid search 25/36: (32, 10, 1)Parameters: (32, 10, 1), Loss: 0.2673, HR: 0.0671, NDCG: 0.0671
Running grid search 26/36: (32, 10, 5)Parameters: (32, 10, 5), Loss: 0.2682, HR: 0.1921, NDCG: 0.1205
Running grid search 27/36: (32, 10, 10)Parameters: (32, 10, 10), Loss: 0.2729, HR: 0.3332, NDCG: 0.1783
Running grid search 28/36: (64, 1, 1)Parameters: (64, 1, 1), Loss: 1.7482, HR: 0.0212, NDCG: 0.0212
Running grid search 29/36: (64, 1, 5)Parameters: (64, 1, 5), Loss: 1.2553, HR: 0.0675, NDCG: 0.0414
Running grid search 30/36: (64, 1, 10)Parameters: (64, 1, 10), Loss: 1.3321, HR: 0.1635, NDCG: 0.0785
Running grid search 31/36: (64, 5, 1)Parameters: (64, 5, 1), Loss: 0.4244, HR: 0.0351, NDCG: 0.0351
Running grid search 32/36: (64, 5, 5)Parameters: (64, 5, 5), Loss: 0.4301, HR: 0.1747, NDCG: 0.1161
Running grid search 33/36: (64, 5, 10)Parameters: (64, 5, 10), Loss: 0.4253, HR: 0.2422, NDCG: 0.1233
Running grid search 34/36: (64, 10, 1)Parameters: (64, 10, 1), Loss: 0.2738, HR: 0.0478, NDCG: 0.0478
Running grid search 35/36: (64, 10, 5)Parameters: (64, 10, 5), Loss: 0.2795, HR: 0.1778, NDCG: 0.1127
Running grid search 36/36: (64, 10, 10)Parameters: (64, 10, 10), Loss: 0.2692, HR: 0.3205, NDCG: 0.1645
Best Result: Params: (64, 1, 1), Loss: 1.7482, HR: 0.0212, NDCG: 0.0212
