Running grid search 1/36: (8, 1, 1)Parameters: (8, 1, 1), Loss: 0.4314, HR: 0.1127, NDCG: 0.1127
Running grid search 2/36: (8, 1, 5)Parameters: (8, 1, 5), Loss: 0.6936, HR: 0.3493, NDCG: 0.2275
Running grid search 3/36: (8, 1, 10)Parameters: (8, 1, 10), Loss: 3.5628, HR: 0.5300, NDCG: 0.2844
Running grid search 4/36: (8, 5, 1)Parameters: (8, 5, 1), Loss: 2.1075, HR: 0.1235, NDCG: 0.1235
Running grid search 5/36: (8, 5, 5)Parameters: (8, 5, 5), Loss: 0.3445, HR: 0.3300, NDCG: 0.2214
Running grid search 6/36: (8, 5, 10)Parameters: (8, 5, 10), Loss: 2.3902, HR: 0.5399, NDCG: 0.3043
Running grid search 7/36: (8, 10, 1)Parameters: (8, 10, 1), Loss: 3.4957, HR: 0.1156, NDCG: 0.1156
Running grid search 8/36: (8, 10, 5)Parameters: (8, 10, 5), Loss: 0.3646, HR: 0.3715, NDCG: 0.2462
Running grid search 9/36: (8, 10, 10)Parameters: (8, 10, 10), Loss: 1.5483, HR: 0.5553, NDCG: 0.3120
Running grid search 10/36: (16, 1, 1)Parameters: (16, 1, 1), Loss: 0.4048, HR: 0.1255, NDCG: 0.1255
Running grid search 11/36: (16, 1, 5)Parameters: (16, 1, 5), Loss: 0.4621, HR: 0.3871, NDCG: 0.2523
Running grid search 12/36: (16, 1, 10)Parameters: (16, 1, 10), Loss: 0.4090, HR: 0.5649, NDCG: 0.3168
Running grid search 13/36: (16, 5, 1)Parameters: (16, 5, 1), Loss: 1.9989, HR: 0.1381, NDCG: 0.1381
Running grid search 14/36: (16, 5, 5)Parameters: (16, 5, 5), Loss: 0.4930, HR: 0.3957, NDCG: 0.2650
Running grid search 15/36: (16, 5, 10)Parameters: (16, 5, 10), Loss: 0.6193, HR: 0.5805, NDCG: 0.3267
Running grid search 16/36: (16, 10, 1)Parameters: (16, 10, 1), Loss: 0.2400, HR: 0.1354, NDCG: 0.1354
Running grid search 17/36: (16, 10, 5)Parameters: (16, 10, 5), Loss: 0.4105, HR: 0.3925, NDCG: 0.2617
Running grid search 18/36: (16, 10, 10)Parameters: (16, 10, 10), Loss: 0.2198, HR: 0.6031, NDCG: 0.3471
Running grid search 19/36: (32, 1, 1)Parameters: (32, 1, 1), Loss: 0.3978, HR: 0.1286, NDCG: 0.1286
Running grid search 20/36: (32, 1, 5)Parameters: (32, 1, 5), Loss: 0.4258, HR: 0.3959, NDCG: 0.2658
Running grid search 21/36: (32, 1, 10)Parameters: (32, 1, 10), Loss: 0.4009, HR: 0.5791, NDCG: 0.3235
Running grid search 22/36: (32, 5, 1)Parameters: (32, 5, 1), Loss: 4.3251, HR: 0.1374, NDCG: 0.1374
Running grid search 23/36: (32, 5, 5)Parameters: (32, 5, 5), Loss: 0.2996, HR: 0.4411, NDCG: 0.3045
Running grid search 24/36: (32, 5, 10)Parameters: (32, 5, 10), Loss: 1.1010, HR: 0.5795, NDCG: 0.3283
Running grid search 25/36: (32, 10, 1)Parameters: (32, 10, 1), Loss: 0.2275, HR: 0.1432, NDCG: 0.1432
Running grid search 26/36: (32, 10, 5)Parameters: (32, 10, 5), Loss: 0.2273, HR: 0.4363, NDCG: 0.2961
Running grid search 27/36: (32, 10, 10)Parameters: (32, 10, 10), Loss: 0.3124, HR: 0.6146, NDCG: 0.3563
Running grid search 28/36: (64, 1, 1)Parameters: (64, 1, 1), Loss: 0.3945, HR: 0.1300, NDCG: 0.1300
Running grid search 29/36: (64, 1, 5)Parameters: (64, 1, 5), Loss: 0.3921, HR: 0.4232, NDCG: 0.2861
Running grid search 30/36: (64, 1, 10)Parameters: (64, 1, 10), Loss: 0.4077, HR: 0.5675, NDCG: 0.3177
Running grid search 31/36: (64, 5, 1)Parameters: (64, 5, 1), Loss: 0.3274, HR: 0.1613, NDCG: 0.1613
Running grid search 32/36: (64, 5, 5)Parameters: (64, 5, 5), Loss: 5.0453, HR: 0.4526, NDCG: 0.3085
Running grid search 33/36: (64, 5, 10)Parameters: (64, 5, 10), Loss: 0.3144, HR: 0.6328, NDCG: 0.3653
Running grid search 34/36: (64, 10, 1)Parameters: (64, 10, 1), Loss: 1.4157, HR: 0.1525, NDCG: 0.1525
Running grid search 35/36: (64, 10, 5)Parameters: (64, 10, 5), Loss: 0.2112, HR: 0.4407, NDCG: 0.2958
Running grid search 36/36: (64, 10, 10)Parameters: (64, 10, 10), Loss: 0.1959, HR: 0.6434, NDCG: 0.3711
Best Result: Params: (8, 1, 10), Loss: 0.4665, HR: 0.5300, NDCG: 0.2844
